<?xml version="1.0" encoding="UTF-8"?>
<!-- Generated by org.testng.reporters.JUnitReportReporter -->
<testsuite skipped="0" hostname="DESKTOP-92RCTKU" name="com.training.sanity.tests.pack2.AdminLogInTest" tests="1" failures="0" timestamp="12 Sep 2019 11:50:32 GMT" time="0.938" errors="0">
  <testcase name="AdminLoginTest" time="0.938" classname="com.training.sanity.tests.pack2.AdminLogInTest"/>
</testsuite> <!-- com.training.sanity.tests.pack2.AdminLogInTest -->
