<?xml version="1.0" encoding="UTF-8"?>
<!-- Generated by org.testng.reporters.JUnitReportReporter -->
<testsuite skipped="0" hostname="DESKTOP-92RCTKU" name="com.training.sanity.tests.pack2.AddCategoryTest" tests="1" failures="0" timestamp="12 Sep 2019 11:50:32 GMT" time="18.952" errors="0">
  <testcase name="AdminCategoryTest" time="18.952" classname="com.training.sanity.tests.pack2.AddCategoryTest"/>
</testsuite> <!-- com.training.sanity.tests.pack2.AddCategoryTest -->
