<?xml version="1.0" encoding="UTF-8"?>
<!-- Generated by org.testng.reporters.JUnitReportReporter -->
<testsuite skipped="0" hostname="DESKTOP-92RCTKU" name="com.training.sanity.tests.LoginTests" tests="1" failures="0" timestamp="03 Sep 2019 11:33:45 GMT" time="13.794" errors="0">
  <testcase name="validLoginTest" time="13.794" classname="com.training.sanity.tests.LoginTests"/>
</testsuite> <!-- com.training.sanity.tests.LoginTests -->
