<?xml version="1.0" encoding="UTF-8"?>
<!-- Generated by org.testng.reporters.JUnitReportReporter -->
<testsuite skipped="0" hostname="DESKTOP-92RCTKU" name="com.training.sanity.tests.pack2.EditMetaTagTest" tests="1" failures="0" timestamp="12 Sep 2019 11:50:32 GMT" time="11.595" errors="0">
  <testcase name="EditMetaData" time="11.595" classname="com.training.sanity.tests.pack2.EditMetaTagTest"/>
</testsuite> <!-- com.training.sanity.tests.pack2.EditMetaTagTest -->
