<?xml version="1.0" encoding="UTF-8"?>
<!-- Generated by org.testng.reporters.JUnitReportReporter -->
<testsuite skipped="0" hostname="DESKTOP-92RCTKU" name="com.training.sanity.tests.ChangePasswordTest" tests="2" failures="0" timestamp="03 Sep 2019 11:33:45 GMT" time="18.870" errors="0">
  <testcase name="validateChangePassword" time="11.834" classname="com.training.sanity.tests.ChangePasswordTest"/>
  <testcase name="validLoginTest" time="7.036" classname="com.training.sanity.tests.ChangePasswordTest"/>
</testsuite> <!-- com.training.sanity.tests.ChangePasswordTest -->
