<?xml version="1.0" encoding="UTF-8"?>
<!-- Generated by org.testng.reporters.JUnitReportReporter -->
<testsuite skipped="0" hostname="DESKTOP-92RCTKU" name="com.training.sanity.tests.AddProductTest" tests="1" failures="0" timestamp="07 Sep 2019 06:10:25 GMT" time="22.232" errors="0">
  <testcase name="AddProduct" time="22.232" classname="com.training.sanity.tests.AddProductTest"/>
</testsuite> <!-- com.training.sanity.tests.AddProductTest -->
