<?xml version="1.0" encoding="UTF-8"?>
<!-- Generated by org.testng.reporters.JUnitReportReporter -->
<testsuite skipped="0" hostname="DESKTOP-92RCTKU" name="com.training.sanity.tests.SearchProductTest" tests="1" failures="0" timestamp="03 Sep 2019 11:33:45 GMT" time="23.294" errors="0">
  <testcase name="validLoginTest" time="23.294" classname="com.training.sanity.tests.SearchProductTest"/>
</testsuite> <!-- com.training.sanity.tests.SearchProductTest -->
